<?xml version="1.0" encoding="UTF-8"?>
<!-- Generated by org.testng.reporters.JUnitXMLReporter -->
<testsuite hostname="sys" name="Command line test" tests="3" failures="2" timestamp="20 Jun 2015 15:06:03 GMT" time="0.636" errors="0">
  <testcase name="testCase1" time="0.586" classname="com.example.testCases.TestCase01"/>
  <testcase name="testCase2" time="0.003" classname="com.example.testCases.TestCase01">
    <failure type="java.lang.AssertionError" message="Assert Failed Message">
      <![CDATA[java.lang.AssertionError: Assert Failed Message
	at com.example.testCases.TestCase01.testCase2(TestCase01.java:38)
... Removed 34 stack frames]]>
    </failure>
  </testcase> <!-- testCase2 -->
  <testcase name="testCase3" time="0.001" classname="com.example.testCases.TestCase01">
    <failure type="java.lang.AssertionError" message="Assert Failed Message - TestCase 3">
      <![CDATA[java.lang.AssertionError: Assert Failed Message - TestCase 3
	at com.example.testCases.TestCase01.testCase3(TestCase01.java:47)
... Removed 34 stack frames]]>
    </failure>
  </testcase> <!-- testCase3 -->
</testsuite> <!-- Command line test -->
