<?xml version="1.0" encoding="UTF-8"?>
<!-- Generated by org.testng.reporters.JUnitXMLReporter -->
<testsuite hostname="sys" name="Test Cases" tests="3" failures="0" timestamp="20 Jun 2015 13:05:49 GMT" time="0.683" errors="0">
  <testcase name="testCase2" time="0.621" classname="com.example.testCases.TestCase01"/>
  <testcase name="testCase3" time="0.622" classname="com.example.testCases.TestCase01"/>
  <testcase name="testCase1" time="0.622" classname="com.example.testCases.TestCase01"/>
</testsuite> <!-- Test Cases -->
